
ACE Editor Version: 5.8.16.526 ACE IXS Compiler Version: 1.12.422
System Compiled 24 February 2017 15:56:00 PM
IC [c:\~dcta\742.48_el - cp mill\742.48_elv.s1] EPT CRC 453F Checksum 5E36
Number of User Equations: 132   Validation CRC: 5A894202  V2-CRC: 582B0D03
Compiled in Compressed format

ACE Editor Version: 5.8.16.526 ACE IXS Compiler Version: 1.12.422
System Compiled 28 February 2017 07:33:49 AM
IC [c:\~dcta\742.48_el - cp mill\742.48_elv.s1] EPT CRC DE29 Checksum 0739
Number of User Equations: 122   Validation CRC: 4013728B  V2-CRC: 77A21959
Compiled in Compressed format

ACE Editor Version: 5.8.16.526 ACE IXS Compiler Version: 1.12.422
System Compiled 28 February 2017 07:44:07 AM
IC [c:\~dcta\742.48_el - cp mill\742.48_elv.s1] EPT CRC B0FD Checksum 0940
Number of User Equations: 122   Validation CRC: 045F62A9  V2-CRC: 33EE097B
Compiled in Compressed format

ACE Editor Version: 5.8.16.526 ACE IXS Compiler Version: 1.12.422
System Compiled 28 February 2017 07:55:16 AM
IC [c:\~dcta\742.48_el - cp mill\742.48_elv.s1] EPT CRC 3213 Checksum 0FFB
Number of User Equations: 122   Validation CRC: 5B7E3565  V2-CRC: 6CCF5EB7
Compiled in Compressed format

ACE Editor Version: 5.8.16.526 ACE IXS Compiler Version: 1.12.422
System Compiled 28 February 2017 08:25:46 AM
IC [c:\~dcta\742.48_el - cp mill\742.48_elv.s1] EPT CRC 8F4A Checksum 0F2A
Number of User Equations: 122   Validation CRC: 49A58067  V2-CRC: 7E14EBB5
Compiled in Compressed format

ACE Editor Version: 5.8.16.526 ACE IXS Compiler Version: 1.12.422
System Compiled 28 February 2017 13:28:34 PM
IC [c:\~dcta\742.48_el - cp mill\742.48_elv.s1] EPT CRC A36A Checksum 2305
Number of User Equations: 123   Validation CRC: 24D209D9  V2-CRC: 7AD3FFE9
Compiled in Compressed format

ACE Editor Version: 5.8.16.526 ACE IXS Compiler Version: 1.12.422
System Compiled 28 February 2017 13:33:17 PM
IC [c:\~dcta\742.48_el - cp mill\742.48_elv.s1] EPT CRC 8D82 Checksum 2237
Number of User Equations: 123   Validation CRC: 7F8FA212  V2-CRC: 218E5422
Compiled in Compressed format

ACE Editor Version: 5.8.16.526 ACE IXS Compiler Version: 1.12.422
System Compiled 28 February 2017 13:42:02 PM
IC [c:\~dcta\742.48_el - cp mill\742.48_elv.s1] EPT CRC C110 Checksum 215D
Number of User Equations: 123   Validation CRC: 25EBDF38  V2-CRC: 7BEA2908
Compiled in Compressed format

ACE Editor Version: 5.8.16.526 ACE IXS Compiler Version: 1.12.422
System Compiled 01 March 2017 08:45:26 AM
IC [c:\~dcta\742.48_el - cp mill\742.48_elv.s1] EPT CRC 53F3 Checksum 3AC6
Number of User Equations: 125   Validation CRC: 68B363DE  V2-CRC: 037B2AE9
Compiled in Compressed format

ACE Editor Version: 5.8.16.526 ACE IXS Compiler Version: 1.12.422
System Compiled 01 March 2017 14:09:05 PM
IC [c:\~dcta\742.48_el - cp mill\742.48_elv.s1] EPT CRC 0553 Checksum 333C
Number of User Equations: 125   Validation CRC: 4F77403A  V2-CRC: 24BF090D
Compiled in Compressed format

ACE Editor Version: 5.8.16.526 ACE IXS Compiler Version: 1.12.422
System Compiled 01 March 2017 15:20:43 PM
IC [c:\~dcta\742.48_el - cp mill\742.48_elv.s1] EPT CRC 9AF6 Checksum 31B6
Number of User Equations: 125   Validation CRC: 21FA91E5  V2-CRC: 4A32D8D2
Compiled in Compressed format

ACE Editor Version: 5.8.16.526 ACE IXS Compiler Version: 1.12.422
System Compiled 02 March 2017 08:34:49 AM
IC [c:\~dcta\742.48_el - cp mill\742.48_elv.s1] EPT CRC 1BCF Checksum 37A5
Number of User Equations: 125   Validation CRC: 7EBE28C1  V2-CRC: 157661F6
Compiled in Compressed format

ACE Editor Version: 5.8.16.526 ACE IXS Compiler Version: 1.12.422
System Compiled 02 March 2017 12:41:15 PM
IC [c:\~dcta\742.48_el - cp mill\742.48_elv.s1] EPT CRC C372 Checksum 3173
Number of User Equations: 125   Validation CRC: 7D000A2A  V2-CRC: 3B7883D0
Compiled in Compressed format

ACE Editor Version: 5.8.16.526 ACE IXS Compiler Version: 1.12.422
System Compiled 02 March 2017 15:02:20 PM
IC [c:\~dcta\742.48_el - cp mill\742.48_elv.s1] EPT CRC C237 Checksum 1638
Number of User Equations: 122   Validation CRC: 5A2FAE8B  V2-CRC: 1846D191
Compiled in Compressed format

ACE Editor Version: 5.8.16.526 ACE IXS Compiler Version: 1.12.422
System Compiled 02 March 2017 15:55:56 PM
IC [c:\~dcta\742.48_el - cp mill\742.48_elv.s1] EPT CRC 0151 Checksum 149A
Number of User Equations: 122   Validation CRC: 31B73C07  V2-CRC: 73DE431D
Compiled in Compressed format

ACE Editor Version: 5.8.16.526 ACE IXS Compiler Version: 1.12.422
System Compiled 02 March 2017 16:24:43 PM
IC [c:\~dcta\742.48_el - cp mill\742.48_elv.s1] EPT CRC AF90 Checksum 130E
Number of User Equations: 122   Validation CRC: 01A3FE93  V2-CRC: 43CA8189
Compiled in Compressed format

ACE Editor Version: 5.8.16.526 ACE IXS Compiler Version: 1.12.422
System Compiled 03 March 2017 10:31:22 AM
IC [c:\~dcta\742.48_el - cp mill\742.48_elv.s1] EPT CRC 45BD Checksum 2210
Number of User Equations: 124   Validation CRC: 3FB6A767  V2-CRC: 15034C38
Compiled in Compressed format

ACE Editor Version: 5.8.16.526 ACE IXS Compiler Version: 1.12.422
System Compiled 03 March 2017 10:55:42 AM
IC [c:\~dcta\742.48_el - cp mill\742.48_elv.s1] EPT CRC 5B05 Checksum 308B
Number of User Equations: 124   Validation CRC: 134CA412  V2-CRC: 39F94F4D
Compiled in Compressed format

ACE Editor Version: 5.8.16.526 ACE IXS Compiler Version: 1.12.422
System Compiled 03 March 2017 11:11:50 AM
IC [c:\~dcta\742.48_el - cp mill\742.48_elv.s1] EPT CRC B816 Checksum 2AE7
Number of User Equations: 124   Validation CRC: 25613925  V2-CRC: 0FD4D27A
Compiled in Compressed format

ACE Editor Version: 5.8.16.526 ACE IXS Compiler Version: 1.12.422
System Compiled 03 March 2017 11:13:51 AM
IC [c:\~dcta\742.48_el - cp mill\742.48_elv.s1] EPT CRC B816 Checksum 2AE7
Number of User Equations: 124   Validation CRC: 25613925  V2-CRC: 0FD4D27A
Compiled in Compressed format

ACE Editor Version: 5.8.16.526 ACE IXS Compiler Version: 1.12.422
System Compiled 03 March 2017 12:50:02 PM
IC [c:\~dcta\742.48_el - cp mill\742.48_elv.s1] EPT CRC A2E8 Checksum 2EC5
Number of User Equations: 124   Validation CRC: 73AFADEB  V2-CRC: 591A46B4
Compiled in Compressed format

ACE Editor Version: 5.8.16.526 ACE IXS Compiler Version: 1.12.422
System Compiled 03 March 2017 14:23:27 PM
IC [c:\~dcta\742.48_el - cp mill\742.48_elv.s1] EPT CRC 89C6 Checksum 5DF2
Number of User Equations: 128   Validation CRC: 2F0DF24C  V2-CRC: 7BAB113D
Compiled in Compressed format

ACE Editor Version: 5.8.16.526 ACE IXS Compiler Version: 1.12.422
System Compiled 03 March 2017 14:24:53 PM
IC [c:\~dcta\742.48_el - cp mill\742.48_elv.s1] EPT CRC 89C6 Checksum 5DF2
Number of User Equations: 128   Validation CRC: 2F0DF24C  V2-CRC: 7BAB113D
Compiled in Compressed format

ACE Editor Version: 5.8.16.526 ACE IXS Compiler Version: 1.12.422
System Compiled 03 March 2017 14:48:04 PM
IC [c:\~dcta\742.48_el - cp mill\742.48_elv.s1] EPT CRC F667 Checksum 5836
Number of User Equations: 128   Validation CRC: 1D38E924  V2-CRC: 499E0A55
Compiled in Compressed format

ACE Editor Version: 5.8.16.526 ACE IXS Compiler Version: 1.12.422
System Compiled 03 March 2017 14:56:43 PM
IC [c:\~dcta\742.48_el - cp mill\742.48_elv.s1] EPT CRC 5920 Checksum 5B07
Number of User Equations: 128   Validation CRC: 1619D58E  V2-CRC: 42BF36FF
Compiled in Compressed format

ACE Editor Version: 5.8.16.526 ACE IXS Compiler Version: 1.12.422
System Compiled 03 March 2017 15:48:17 PM
IC [c:\~dcta\742.48_el - cp mill\742.48_elv.s1] EPT CRC 92FC Checksum 5C07
Number of User Equations: 128   Validation CRC: 1450D096  V2-CRC: 40F633E7
Compiled in Compressed format

ACE Editor Version: 5.8.16.526 ACE IXS Compiler Version: 1.12.422
System Compiled 03 March 2017 16:04:11 PM
IC [c:\~dcta\742.48_el - cp mill\742.48_elv.s1] EPT CRC 437B Checksum 5A37
Number of User Equations: 128   Validation CRC: 38161FCF  V2-CRC: 6CB0FCBE
Compiled in Compressed format
